#
# There is insufficient memory for the Java Runtime Environment to continue.
# Native memory allocation (mmap) failed to map 134217728 bytes for Failed to commit area from 0x0000000081e00000 to 0x0000000089e00000 of length 134217728.
# Possible reasons:
#   The system is out of physical RAM or swap space
#   The process is running with CompressedOops enabled, and the Java Heap may be blocking the growth of the native heap
# Possible solutions:
#   Reduce memory load on the system
#   Increase physical memory or swap space
#   Check if swap backing store is full
#   Decrease Java heap size (-Xmx/-Xms)
#   Decrease number of Java threads
#   Decrease Java thread stack sizes (-Xss)
#   Set larger code cache with -XX:ReservedCodeCacheSize=
# This output file may be truncated or incomplete.
#
#  Out of Memory Error (./open/src/hotspot/os/windows/os_windows.cpp:3275), pid=21140, tid=16460
#
# JRE version:  (11.0.9+7) (build )
# Java VM: Java HotSpot(TM) 64-Bit Server VM (11.0.9+7-LTS, mixed mode, sharing, tiered, compressed oops, g1 gc, windows-amd64)
# No core dump will be written. Minidumps are not enabled by default on client versions of Windows
#

---------------  S U M M A R Y ------------

Command Line: -Dfile.encoding=UTF-8 --module-path=F:\Poject\WS_Netbens\Mapa_PSII_AlexandreOliveira\build\classes mapa_psii_alexandreoliveira.Mapa_PSII_AlexandreOliveira

Host: Intel(R) Core(TM) i5-8265U CPU @ 1.60GHz, 8 cores, 7G,  Windows 10 , 64 bit Build 19041 (10.0.19041.1348)
Time: Fri Dec 17 19:55:44 2021 Hora oficial do Brasil elapsed time: 0.018307 seconds (0d 0h 0m 0s)

---------------  T H R E A D  ---------------

Current thread (0x00000219f0cac800):  JavaThread "Unknown thread" [_thread_in_vm, id=16460, stack(0x000000baf7100000,0x000000baf7200000)]

Stack: [0x000000baf7100000,0x000000baf7200000]
Native frames: (J=compiled Java code, j=interpreted, Vv=VM code, C=native code)
V  [jvm.dll+0x611a3a]
V  [jvm.dll+0x748aaf]
V  [jvm.dll+0x74a135]
V  [jvm.dll+0x74a7b3]
V  [jvm.dll+0x2439f8]
V  [jvm.dll+0x60eeda]
V  [jvm.dll+0x603de5]
V  [jvm.dll+0x2f785c]
V  [jvm.dll+0x2f76e2]
V  [jvm.dll+0x2fc396]
V  [jvm.dll+0x33e1df]
V  [jvm.dll+0x33dc10]
V  [jvm.dll+0x2d5aa8]
V  [jvm.dll+0x2d6c06]
V  [jvm.dll+0x724927]
V  [jvm.dll+0x7261cf]
V  [jvm.dll+0x34af59]
V  [jvm.dll+0x70a4a0]
V  [jvm.dll+0x3b415f]
V  [jvm.dll+0x3b6201]
C  [jli.dll+0x520b]
C  [ucrtbase.dll+0x21bb2]
C  [KERNEL32.dll+0x17034]
C  [ntdll.dll+0x52651]


---------------  P R O C E S S  ---------------

Threads class SMR info:
_java_thread_list=0x00000219ee872210, length=0, elements={
}

Java Threads: ( => current thread )

Other Threads:
  0x00000219f0cc0800 GCTaskThread "GC Thread#0" [stack: 0x000000baf7200000,0x000000baf7300000] [id=16552]
  0x00000219f0cf2800 ConcurrentGCThread "G1 Main Marker" [stack: 0x000000baf7300000,0x000000baf7400000] [id=15408]
  0x00000219f0cf5000 ConcurrentGCThread "G1 Conc#0" [stack: 0x000000baf7400000,0x000000baf7500000] [id=13272]

[error occurred during error reporting (printing all threads), id 0xc0000005, EXCEPTION_ACCESS_VIOLATION (0xc0000005) at pc=0x00007ff8fb4d42a7]

VM state:not at safepoint (not fully initialized)

VM Mutex/Monitor currently owned by a thread:  ([mutex/lock_event])
[0x00000219f0caa670] Heap_lock - owner thread: 0x00000219f0cac800

Heap address: 0x0000000081e00000, size: 2018 MB, Compressed Oops mode: Non-zero based: 0x0000000081e00000
Narrow klass base: 0x0000000000000000, Narrow klass shift: 0

GC Heap History (0 events):
No events

Deoptimization events (0 events):
No events

Classes redefined (0 events):
No events

Internal exceptions (0 events):
No events

Events (0 events):
No events


Dynamic libraries:
0x00007ff72dca0000 - 0x00007ff72dcaf000 	C:\Program Files\Java\jdk-11.0.9\bin\java.exe
0x00007ff95d050000 - 0x00007ff95d245000 	C:\WINDOWS\SYSTEM32\ntdll.dll
0x00007ff95cb30000 - 0x00007ff95cbee000 	C:\WINDOWS\System32\KERNEL32.dll
0x00007ff95a3e0000 - 0x00007ff95a507000 	C:\Windows\system32\hmpalert.dll
0x00007ff95ac30000 - 0x00007ff95aef8000 	C:\WINDOWS\System32\KERNELBASE.dll
0x00007ff95a770000 - 0x00007ff95a870000 	C:\WINDOWS\System32\ucrtbase.dll
0x00007ff94a5b0000 - 0x00007ff94a5c5000 	C:\Program Files\Java\jdk-11.0.9\bin\VCRUNTIME140.dll
0x00007ff939530000 - 0x00007ff939548000 	C:\Program Files\Java\jdk-11.0.9\bin\jli.dll
0x00007ff95b9a0000 - 0x00007ff95ba4c000 	C:\WINDOWS\System32\ADVAPI32.dll
0x00007ff95b0a0000 - 0x00007ff95b13e000 	C:\WINDOWS\System32\msvcrt.dll
0x00007ff95cec0000 - 0x00007ff95cf5b000 	C:\WINDOWS\System32\sechost.dll
0x00007ff95c180000 - 0x00007ff95c2aa000 	C:\WINDOWS\System32\RPCRT4.dll
0x00007ff95b510000 - 0x00007ff95b6b1000 	C:\WINDOWS\System32\USER32.dll
0x00007ff95b010000 - 0x00007ff95b032000 	C:\WINDOWS\System32\win32u.dll
0x00007ff95c150000 - 0x00007ff95c17b000 	C:\WINDOWS\System32\GDI32.dll
0x00007ff95ab20000 - 0x00007ff95ac2b000 	C:\WINDOWS\System32\gdi32full.dll
0x00007ff95a920000 - 0x00007ff95a9bd000 	C:\WINDOWS\System32\msvcp_win.dll
0x00007ff943e00000 - 0x00007ff94409a000 	C:\WINDOWS\WinSxS\amd64_microsoft.windows.common-controls_6595b64144ccf1df_6.0.19041.1110_none_60b5254171f9507e\COMCTL32.dll
0x00007ff951ad0000 - 0x00007ff951ada000 	C:\WINDOWS\SYSTEM32\VERSION.dll
0x00007ff95cd90000 - 0x00007ff95cdc0000 	C:\WINDOWS\System32\IMM32.DLL
0x00007ff918030000 - 0x00007ff9180cb000 	C:\Program Files\Java\jdk-11.0.9\bin\msvcp140.dll
0x00007ff8fb1f0000 - 0x00007ff8fbce7000 	C:\Program Files\Java\jdk-11.0.9\bin\server\jvm.dll
0x00007ff95c2b0000 - 0x00007ff95c2b8000 	C:\WINDOWS\System32\PSAPI.DLL
0x00007ff938510000 - 0x00007ff938519000 	C:\WINDOWS\SYSTEM32\WSOCK32.dll
0x00007ff934030000 - 0x00007ff934057000 	C:\WINDOWS\SYSTEM32\WINMM.dll
0x00007ff95cc50000 - 0x00007ff95ccbb000 	C:\WINDOWS\System32\WS2_32.dll
0x00007ff958f10000 - 0x00007ff958f22000 	C:\WINDOWS\SYSTEM32\kernel.appcore.dll
0x00007ff954a10000 - 0x00007ff954a20000 	C:\Program Files\Java\jdk-11.0.9\bin\verify.dll
0x00007ff9553f0000 - 0x00007ff9555d4000 	C:\WINDOWS\SYSTEM32\DBGHELP.DLL
0x00007ff93e290000 - 0x00007ff93e2bc000 	C:\WINDOWS\SYSTEM32\dbgcore.DLL
0x00007ff95af30000 - 0x00007ff95afb3000 	C:\WINDOWS\System32\bcryptPrimitives.dll
0x00007ff92a2d0000 - 0x00007ff92a2f8000 	C:\Program Files\Java\jdk-11.0.9\bin\java.dll
0x00007ff953f50000 - 0x00007ff953f5a000 	C:\Program Files\Java\jdk-11.0.9\bin\jimage.dll
0x00007ff94a390000 - 0x00007ff94a3a6000 	C:\Program Files\Java\jdk-11.0.9\bin\zip.dll

dbghelp: loaded successfully - version: 4.0.5 - missing functions: none
symbol engine: initialized successfully - sym options: 0x614 - pdb path: .;C:\Program Files\Java\jdk-11.0.9\bin;C:\WINDOWS\SYSTEM32;C:\WINDOWS\WinSxS\amd64_microsoft.windows.common-controls_6595b64144ccf1df_6.0.19041.1110_none_60b5254171f9507e;C:\Program Files\Java\jdk-11.0.9\bin\server

VM Arguments:
jvm_args: -Dfile.encoding=UTF-8 --module-path=F:\Poject\WS_Netbens\Mapa_PSII_AlexandreOliveira\build\classes 
java_command: mapa_psii_alexandreoliveira.Mapa_PSII_AlexandreOliveira
java_class_path (initial): F:\Poject\WS_Netbens\Mapa_PSII_AlexandreOliveira\build\classes
Launcher Type: SUN_STANDARD

[Global flags]
     intx CICompilerCount                          = 4                                         {product} {ergonomic}
     uint ConcGCThreads                            = 2                                         {product} {ergonomic}
     uint G1ConcRefinementThreads                  = 8                                         {product} {ergonomic}
   size_t G1HeapRegionSize                         = 1048576                                   {product} {ergonomic}
    uintx GCDrainStackTargetSize                   = 64                                        {product} {ergonomic}
   size_t InitialHeapSize                          = 134217728                                 {product} {ergonomic}
   size_t MarkStackSize                            = 4194304                                   {product} {ergonomic}
   size_t MaxHeapSize                              = 2116026368                                {product} {ergonomic}
   size_t MinHeapDeltaBytes                        = 1048576                                   {product} {ergonomic}
    uintx NonNMethodCodeHeapSize                   = 5836300                                {pd product} {ergonomic}
    uintx NonProfiledCodeHeapSize                  = 122910970                              {pd product} {ergonomic}
    uintx ProfiledCodeHeapSize                     = 122910970                              {pd product} {ergonomic}
    uintx ReservedCodeCacheSize                    = 251658240                              {pd product} {ergonomic}
     bool SegmentedCodeCache                       = true                                      {product} {ergonomic}
     bool UseCompressedClassPointers               = true                                 {lp64_product} {ergonomic}
     bool UseCompressedOops                        = true                                 {lp64_product} {ergonomic}
     bool UseG1GC                                  = true                                      {product} {ergonomic}
     bool UseLargePagesIndividualAllocation        = false                                  {pd product} {ergonomic}

Logging:
Log output configuration:
 #0: stdout all=warning uptime,level,tags
 #1: stderr all=off uptime,level,tags

Environment Variables:
PATH=C:\Python39\Scripts\;C:\Python39\;C:\Python27\;C:\Python27\Scripts;C:\Program Files\Common Files\Oracle\Java\javapath;C:\Program Files (x86)\Common Files\Oracle\Java\javapath;C:\WINDOWS\system32;C:\WINDOWS;C:\WINDOWS\System32\Wbem;C:\WINDOWS\System32\WindowsPowerShell\v1.0\;C:\WINDOWS\System32\OpenSSH\;C:\Program Files (x86)\Intel\Intel(R) Management Engine Components\DAL;C:\Program Files\Intel\Intel(R) Management Engine Components\DAL;C:\Program Files\dotnet\;C:\Program Files\Microsoft SQL Server\130\Tools\Binn\;C:\Program Files\Microsoft SQL Server\Client SDK\ODBC\170\Tools\Binn\;C:\MinGW\bin;C:\Users\alexandre.oliveira\Desktop\jdk-11.0.9+11-jre\bin;C:\Program Files (x86)\Mercurial;C:\Program Files\Git\cmd;C:\Program Files\nodejs\;C:\ProgramData\chocolatey\bin;C:\Program Files (x86)\GNU Tools ARM Embedded\6 2017-q2-update\bin;C:\Users\alexandre.oliveira\Desktop\jdk-11.0.9+11-jre\bin;C:\Users\alexandre.oliveira\.dotnet\tools;C:\Users\alexandre.oliveira\AppData\Local\Programs\Microsoft VS Code\bin;C:\Users\alexandre.oliveira\AppData\Local\Microsoft\WindowsApps;C:\Users\alexandre.oliveira\AppData\Local\GitHubDesktop\bin;C:\Users\alexandre.oliveira\AppData\Roaming\npm;C:\Program Files\JetBrains\IntelliJ IDEA 2021.2.3\bin;
USERNAME=alexandre.oliveira
OS=Windows_NT
PROCESSOR_IDENTIFIER=Intel64 Family 6 Model 142 Stepping 12, GenuineIntel



---------------  S Y S T E M  ---------------

OS: Windows 10 , 64 bit Build 19041 (10.0.19041.1348)

CPU:total 8 (initial active 8) (4 cores per cpu, 2 threads per core) family 6 model 142 stepping 12, cmov, cx8, fxsr, mmx, sse, sse2, sse3, ssse3, sse4.1, sse4.2, popcnt, avx, avx2, aes, clmul, erms, 3dnowpref, lzcnt, ht, tsc, tscinvbit, bmi1, bmi2, adx, fma

Memory: 4k page, system-wide physical 8068M (419M free)
TotalPageFile size 19015M (AvailPageFile size 47M)
current process WorkingSet (physical memory assigned to process): 10M, peak: 10M
current process commit charge ("private bytes"): 62M, peak: 190M

vm_info: Java HotSpot(TM) 64-Bit Server VM (11.0.9+7-LTS) for windows-amd64 JRE (11.0.9+7-LTS), built on Sep 15 2020 16:47:03 by "mach5one" with MS VC++ 15.9 (VS2017)

END.
