#
# There is insufficient memory for the Java Runtime Environment to continue.
# Native memory allocation (malloc) failed to allocate 338496 bytes for Chunk::new
# Possible reasons:
#   The system is out of physical RAM or swap space
#   The process is running with CompressedOops enabled, and the Java Heap may be blocking the growth of the native heap
# Possible solutions:
#   Reduce memory load on the system
#   Increase physical memory or swap space
#   Check if swap backing store is full
#   Decrease Java heap size (-Xmx/-Xms)
#   Decrease number of Java threads
#   Decrease Java thread stack sizes (-Xss)
#   Set larger code cache with -XX:ReservedCodeCacheSize=
#   JVM is running with Unscaled Compressed Oops mode in which the Java heap is
#     placed in the first 4GB address space. The Java Heap base address is the
#     maximum limit for the native heap growth. Please use -XX:HeapBaseMinAddress
#     to set the Java Heap base and to place the Java Heap above 4GB virtual address.
# This output file may be truncated or incomplete.
#
#  Out of Memory Error (./open/src/hotspot/share/memory/arena.cpp:197), pid=20576, tid=21124
#
# JRE version: Java(TM) SE Runtime Environment 18.9 (11.0.9+7) (build 11.0.9+7-LTS)
# Java VM: Java HotSpot(TM) 64-Bit Server VM 18.9 (11.0.9+7-LTS, mixed mode, tiered, compressed oops, g1 gc, windows-amd64)
# No core dump will be written. Minidumps are not enabled by default on client versions of Windows
#

---------------  S U M M A R Y ------------

Command Line: -Dfile.encoding=UTF-8 --module-path=F:\Poject\WS_Netbens\Mapa_PSII_AlexandreOliveira\build\classes mapa_psii_alexandreoliveira.Mapa_PSII_AlexandreOliveira

Host: Intel(R) Core(TM) i5-8265U CPU @ 1.60GHz, 8 cores, 7G,  Windows 10 , 64 bit Build 19041 (10.0.19041.1348)
Time: Fri Dec 17 21:15:08 2021 Hora oficial do Brasil elapsed time: 23.863880 seconds (0d 0h 0m 23s)

---------------  T H R E A D  ---------------

Current thread (0x00000126f3fbf800):  JavaThread "C2 CompilerThread0" daemon [_thread_in_native, id=21124, stack(0x00000004c3f00000,0x00000004c4000000)]


Current CompileTask:
C2:  23864 1762   !   4       java.awt.GradientPaintContext::<init> (649 bytes)

Stack: [0x00000004c3f00000,0x00000004c4000000]
Native frames: (J=compiled Java code, j=interpreted, Vv=VM code, C=native code)
V  [jvm.dll+0x611a3a]
V  [jvm.dll+0x748aaf]
V  [jvm.dll+0x74a135]
V  [jvm.dll+0x74a7b3]
V  [jvm.dll+0x2439f8]
V  [jvm.dll+0xba2bc]
V  [jvm.dll+0xba9bc]
V  [jvm.dll+0x2b4274]
V  [jvm.dll+0x52a046]
V  [jvm.dll+0x20565d]
V  [jvm.dll+0x1ff5aa]
V  [jvm.dll+0x1fc52f]
V  [jvm.dll+0x17f08c]
V  [jvm.dll+0x20bc54]
V  [jvm.dll+0x209d2b]
V  [jvm.dll+0x7103d9]
V  [jvm.dll+0x709114]
V  [jvm.dll+0x610cb6]
C  [ucrtbase.dll+0x21bb2]
C  [KERNEL32.dll+0x17034]
C  [ntdll.dll+0x52651]


---------------  P R O C E S S  ---------------

Threads class SMR info:
_java_thread_list=0x00000126f83ef360, length=15, elements={
0x00000126f3fa6800, 0x00000126f3fb0800, 0x00000126f4942800, 0x00000126f3fbe000,
0x00000126f3fbf800, 0x00000126f3fc4000, 0x00000126f3fd2800, 0x00000126f4ab5800,
0x00000126f4ab4800, 0x00000126f4ab7000, 0x00000126f4ab8000, 0x00000126f4ab6000,
0x00000126f4ab3000, 0x00000126f4ab9800, 0x00000126f4ab3800
}

Java Threads: ( => current thread )
  0x00000126f3fa6800 JavaThread "Reference Handler" daemon [_thread_blocked, id=21696, stack(0x00000004c3b00000,0x00000004c3c00000)]
  0x00000126f3fb0800 JavaThread "Finalizer" daemon [_thread_blocked, id=15256, stack(0x00000004c3c00000,0x00000004c3d00000)]
  0x00000126f4942800 JavaThread "Signal Dispatcher" daemon [_thread_blocked, id=14120, stack(0x00000004c3d00000,0x00000004c3e00000)]
  0x00000126f3fbe000 JavaThread "Attach Listener" daemon [_thread_blocked, id=10536, stack(0x00000004c3e00000,0x00000004c3f00000)]
=>0x00000126f3fbf800 JavaThread "C2 CompilerThread0" daemon [_thread_in_native, id=21124, stack(0x00000004c3f00000,0x00000004c4000000)]
  0x00000126f3fc4000 JavaThread "C1 CompilerThread0" daemon [_thread_blocked, id=12448, stack(0x00000004c4000000,0x00000004c4100000)]
  0x00000126f3fd2800 JavaThread "Sweeper thread" daemon [_thread_blocked, id=2008, stack(0x00000004c4100000,0x00000004c4200000)]
  0x00000126f4ab5800 JavaThread "Common-Cleaner" daemon [_thread_blocked, id=18728, stack(0x00000004c4200000,0x00000004c4300000)]
  0x00000126f4ab4800 JavaThread "Service Thread" daemon [_thread_blocked, id=9396, stack(0x00000004c4400000,0x00000004c4500000)]
  0x00000126f4ab7000 JavaThread "Java2D Disposer" daemon [_thread_blocked, id=14084, stack(0x00000004c4600000,0x00000004c4700000)]
  0x00000126f4ab8000 JavaThread "AWT-Shutdown" [_thread_blocked, id=20628, stack(0x00000004c4700000,0x00000004c4800000)]
  0x00000126f4ab6000 JavaThread "AWT-Windows" daemon [_thread_in_native, id=148, stack(0x00000004c4800000,0x00000004c4900000)]
  0x00000126f4ab3000 JavaThread "AWT-EventQueue-0" [_thread_blocked, id=9572, stack(0x00000004c4a00000,0x00000004c4b00000)]
  0x00000126f4ab9800 JavaThread "DestroyJavaVM" [_thread_blocked, id=23164, stack(0x00000004c3400000,0x00000004c3500000)]
  0x00000126f4ab3800 JavaThread "TimerQueue" daemon [_thread_blocked, id=12484, stack(0x00000004c4300000,0x00000004c4400000)]

Other Threads:
  0x00000126f3f82000 VMThread "VM Thread" [stack: 0x00000004c3a00000,0x00000004c3b00000] [id=12020]
  0x00000126f4cee800 WatcherThread [stack: 0x00000004c4500000,0x00000004c4600000] [id=20656]
  0x00000126d52a2000 GCTaskThread "GC Thread#0" [stack: 0x00000004c3500000,0x00000004c3600000] [id=9576]
  0x00000126d52d2800 ConcurrentGCThread "G1 Main Marker" [stack: 0x00000004c3600000,0x00000004c3700000] [id=1224]
  0x00000126d52d5000 ConcurrentGCThread "G1 Conc#0" [stack: 0x00000004c3700000,0x00000004c3800000] [id=19432]
  0x00000126f3df0800 ConcurrentGCThread "G1 Refine#0" [stack: 0x00000004c3800000,0x00000004c3900000] [id=21412]
  0x00000126f3df1000 ConcurrentGCThread "G1 Young RemSet Sampling" [stack: 0x00000004c3900000,0x00000004c3a00000] [id=22968]

Threads with active compile tasks:
C2 CompilerThread0  23901 1762   !   4       java.awt.GradientPaintContext::<init> (649 bytes)

VM state:not at safepoint (normal execution)

VM Mutex/Monitor currently owned by a thread: None

Heap address: 0x0000000081e00000, size: 2018 MB, Compressed Oops mode: 32-bit
Narrow klass base: 0x0000000000000000, Narrow klass shift: 3
Compressed class space size: 1073741824 Address: 0x0000000100000000

Heap:
 garbage-first heap   total 131072K, used 32768K [0x0000000081e00000, 0x0000000100000000)
  region size 1024K, 21 young (21504K), 0 survivors (0K)
 Metaspace       used 17034K, capacity 17488K, committed 17664K, reserved 1064960K
  class space    used 1781K, capacity 2008K, committed 2048K, reserved 1048576K
Heap Regions: E=young(eden), S=young(survivor), O=old, HS=humongous(starts), HC=humongous(continues), CS=collection set, F=free, A=archive, TAMS=top-at-mark-start (previous, next)
|   0|0x0000000081e00000, 0x0000000081f00000, 0x0000000081f00000|100%|HS|  |TAMS 0x0000000081e00000, 0x0000000081e00000| Complete 
|   1|0x0000000081f00000, 0x0000000082000000, 0x0000000082000000|100%|HC|  |TAMS 0x0000000081f00000, 0x0000000081f00000| Complete 
|   2|0x0000000082000000, 0x0000000082100000, 0x0000000082100000|100%|HS|  |TAMS 0x0000000082000000, 0x0000000082000000| Complete 
|   3|0x0000000082100000, 0x0000000082200000, 0x0000000082200000|100%|HC|  |TAMS 0x0000000082100000, 0x0000000082100000| Complete 
|   4|0x0000000082200000, 0x0000000082300000, 0x0000000082300000|100%|HC|  |TAMS 0x0000000082200000, 0x0000000082200000| Complete 
|   5|0x0000000082300000, 0x0000000082400000, 0x0000000082400000|100%|HS|  |TAMS 0x0000000082300000, 0x0000000082300000| Complete 
|   6|0x0000000082400000, 0x0000000082500000, 0x0000000082500000|100%|HC|  |TAMS 0x0000000082400000, 0x0000000082400000| Complete 
|   7|0x0000000082500000, 0x0000000082600000, 0x0000000082600000|100%|HS|  |TAMS 0x0000000082500000, 0x0000000082500000| Complete 
|   8|0x0000000082600000, 0x0000000082700000, 0x0000000082700000|100%|HC|  |TAMS 0x0000000082600000, 0x0000000082600000| Complete 
|   9|0x0000000082700000, 0x0000000082800000, 0x0000000082800000|100%|HC|  |TAMS 0x0000000082700000, 0x0000000082700000| Complete 
|  10|0x0000000082800000, 0x0000000082900000, 0x0000000082900000|100%|HS|  |TAMS 0x0000000082800000, 0x0000000082800000| Complete 
|  11|0x0000000082900000, 0x0000000082a00000, 0x0000000082a00000|100%|HC|  |TAMS 0x0000000082900000, 0x0000000082900000| Complete 
|  12|0x0000000082a00000, 0x0000000082b00000, 0x0000000082b00000|100%|HC|  |TAMS 0x0000000082a00000, 0x0000000082a00000| Complete 
|  13|0x0000000082b00000, 0x0000000082b00000, 0x0000000082c00000|  0%| F|  |TAMS 0x0000000082b00000, 0x0000000082b00000| Untracked 
|  14|0x0000000082c00000, 0x0000000082c00000, 0x0000000082d00000|  0%| F|  |TAMS 0x0000000082c00000, 0x0000000082c00000| Untracked 
|  15|0x0000000082d00000, 0x0000000082d00000, 0x0000000082e00000|  0%| F|  |TAMS 0x0000000082d00000, 0x0000000082d00000| Untracked 
|  16|0x0000000082e00000, 0x0000000082e00000, 0x0000000082f00000|  0%| F|  |TAMS 0x0000000082e00000, 0x0000000082e00000| Untracked 
|  17|0x0000000082f00000, 0x0000000082f00000, 0x0000000083000000|  0%| F|  |TAMS 0x0000000082f00000, 0x0000000082f00000| Untracked 
|  18|0x0000000083000000, 0x0000000083000000, 0x0000000083100000|  0%| F|  |TAMS 0x0000000083000000, 0x0000000083000000| Untracked 
|  19|0x0000000083100000, 0x0000000083100000, 0x0000000083200000|  0%| F|  |TAMS 0x0000000083100000, 0x0000000083100000| Untracked 
|  20|0x0000000083200000, 0x0000000083200000, 0x0000000083300000|  0%| F|  |TAMS 0x0000000083200000, 0x0000000083200000| Untracked 
|  21|0x0000000083300000, 0x0000000083300000, 0x0000000083400000|  0%| F|  |TAMS 0x0000000083300000, 0x0000000083300000| Untracked 
|  22|0x0000000083400000, 0x0000000083400000, 0x0000000083500000|  0%| F|  |TAMS 0x0000000083400000, 0x0000000083400000| Untracked 
|  23|0x0000000083500000, 0x0000000083500000, 0x0000000083600000|  0%| F|  |TAMS 0x0000000083500000, 0x0000000083500000| Untracked 
|  24|0x0000000083600000, 0x0000000083600000, 0x0000000083700000|  0%| F|  |TAMS 0x0000000083600000, 0x0000000083600000| Untracked 
|  25|0x0000000083700000, 0x0000000083700000, 0x0000000083800000|  0%| F|  |TAMS 0x0000000083700000, 0x0000000083700000| Untracked 
|  26|0x0000000083800000, 0x0000000083800000, 0x0000000083900000|  0%| F|  |TAMS 0x0000000083800000, 0x0000000083800000| Untracked 
|  27|0x0000000083900000, 0x0000000083900000, 0x0000000083a00000|  0%| F|  |TAMS 0x0000000083900000, 0x0000000083900000| Untracked 
|  28|0x0000000083a00000, 0x0000000083a00000, 0x0000000083b00000|  0%| F|  |TAMS 0x0000000083a00000, 0x0000000083a00000| Untracked 
|  29|0x0000000083b00000, 0x0000000083b00000, 0x0000000083c00000|  0%| F|  |TAMS 0x0000000083b00000, 0x0000000083b00000| Untracked 
|  30|0x0000000083c00000, 0x0000000083c00000, 0x0000000083d00000|  0%| F|  |TAMS 0x0000000083c00000, 0x0000000083c00000| Untracked 
|  31|0x0000000083d00000, 0x0000000083d00000, 0x0000000083e00000|  0%| F|  |TAMS 0x0000000083d00000, 0x0000000083d00000| Untracked 
|  32|0x0000000083e00000, 0x0000000083e00000, 0x0000000083f00000|  0%| F|  |TAMS 0x0000000083e00000, 0x0000000083e00000| Untracked 
|  33|0x0000000083f00000, 0x0000000083f00000, 0x0000000084000000|  0%| F|  |TAMS 0x0000000083f00000, 0x0000000083f00000| Untracked 
|  34|0x0000000084000000, 0x0000000084000000, 0x0000000084100000|  0%| F|  |TAMS 0x0000000084000000, 0x0000000084000000| Untracked 
|  35|0x0000000084100000, 0x0000000084100000, 0x0000000084200000|  0%| F|  |TAMS 0x0000000084100000, 0x0000000084100000| Untracked 
|  36|0x0000000084200000, 0x0000000084200000, 0x0000000084300000|  0%| F|  |TAMS 0x0000000084200000, 0x0000000084200000| Untracked 
|  37|0x0000000084300000, 0x0000000084300000, 0x0000000084400000|  0%| F|  |TAMS 0x0000000084300000, 0x0000000084300000| Untracked 
|  38|0x0000000084400000, 0x0000000084400000, 0x0000000084500000|  0%| F|  |TAMS 0x0000000084400000, 0x0000000084400000| Untracked 
|  39|0x0000000084500000, 0x0000000084500000, 0x0000000084600000|  0%| F|  |TAMS 0x0000000084500000, 0x0000000084500000| Untracked 
|  40|0x0000000084600000, 0x0000000084600000, 0x0000000084700000|  0%| F|  |TAMS 0x0000000084600000, 0x0000000084600000| Untracked 
|  41|0x0000000084700000, 0x0000000084700000, 0x0000000084800000|  0%| F|  |TAMS 0x0000000084700000, 0x0000000084700000| Untracked 
|  42|0x0000000084800000, 0x0000000084800000, 0x0000000084900000|  0%| F|  |TAMS 0x0000000084800000, 0x0000000084800000| Untracked 
|  43|0x0000000084900000, 0x0000000084900000, 0x0000000084a00000|  0%| F|  |TAMS 0x0000000084900000, 0x0000000084900000| Untracked 
|  44|0x0000000084a00000, 0x0000000084a00000, 0x0000000084b00000|  0%| F|  |TAMS 0x0000000084a00000, 0x0000000084a00000| Untracked 
|  45|0x0000000084b00000, 0x0000000084b00000, 0x0000000084c00000|  0%| F|  |TAMS 0x0000000084b00000, 0x0000000084b00000| Untracked 
|  46|0x0000000084c00000, 0x0000000084c00000, 0x0000000084d00000|  0%| F|  |TAMS 0x0000000084c00000, 0x0000000084c00000| Untracked 
|  47|0x0000000084d00000, 0x0000000084d00000, 0x0000000084e00000|  0%| F|  |TAMS 0x0000000084d00000, 0x0000000084d00000| Untracked 
|  48|0x0000000084e00000, 0x0000000084e00000, 0x0000000084f00000|  0%| F|  |TAMS 0x0000000084e00000, 0x0000000084e00000| Untracked 
|  49|0x0000000084f00000, 0x0000000084f00000, 0x0000000085000000|  0%| F|  |TAMS 0x0000000084f00000, 0x0000000084f00000| Untracked 
|  50|0x0000000085000000, 0x0000000085000000, 0x0000000085100000|  0%| F|  |TAMS 0x0000000085000000, 0x0000000085000000| Untracked 
|  51|0x0000000085100000, 0x0000000085100000, 0x0000000085200000|  0%| F|  |TAMS 0x0000000085100000, 0x0000000085100000| Untracked 
|  52|0x0000000085200000, 0x0000000085200000, 0x0000000085300000|  0%| F|  |TAMS 0x0000000085200000, 0x0000000085200000| Untracked 
|  53|0x0000000085300000, 0x0000000085300000, 0x0000000085400000|  0%| F|  |TAMS 0x0000000085300000, 0x0000000085300000| Untracked 
|  54|0x0000000085400000, 0x0000000085400000, 0x0000000085500000|  0%| F|  |TAMS 0x0000000085400000, 0x0000000085400000| Untracked 
|  55|0x0000000085500000, 0x0000000085500000, 0x0000000085600000|  0%| F|  |TAMS 0x0000000085500000, 0x0000000085500000| Untracked 
|  56|0x0000000085600000, 0x0000000085600000, 0x0000000085700000|  0%| F|  |TAMS 0x0000000085600000, 0x0000000085600000| Untracked 
|  57|0x0000000085700000, 0x0000000085700000, 0x0000000085800000|  0%| F|  |TAMS 0x0000000085700000, 0x0000000085700000| Untracked 
|  58|0x0000000085800000, 0x0000000085800000, 0x0000000085900000|  0%| F|  |TAMS 0x0000000085800000, 0x0000000085800000| Untracked 
|  59|0x0000000085900000, 0x0000000085900000, 0x0000000085a00000|  0%| F|  |TAMS 0x0000000085900000, 0x0000000085900000| Untracked 
|  60|0x0000000085a00000, 0x0000000085a00000, 0x0000000085b00000|  0%| F|  |TAMS 0x0000000085a00000, 0x0000000085a00000| Untracked 
|  61|0x0000000085b00000, 0x0000000085b00000, 0x0000000085c00000|  0%| F|  |TAMS 0x0000000085b00000, 0x0000000085b00000| Untracked 
|  62|0x0000000085c00000, 0x0000000085c00000, 0x0000000085d00000|  0%| F|  |TAMS 0x0000000085c00000, 0x0000000085c00000| Untracked 
|  63|0x0000000085d00000, 0x0000000085d00000, 0x0000000085e00000|  0%| F|  |TAMS 0x0000000085d00000, 0x0000000085d00000| Untracked 
|  64|0x0000000085e00000, 0x0000000085e00000, 0x0000000085f00000|  0%| F|  |TAMS 0x0000000085e00000, 0x0000000085e00000| Untracked 
|  65|0x0000000085f00000, 0x0000000085f00000, 0x0000000086000000|  0%| F|  |TAMS 0x0000000085f00000, 0x0000000085f00000| Untracked 
|  66|0x0000000086000000, 0x0000000086000000, 0x0000000086100000|  0%| F|  |TAMS 0x0000000086000000, 0x0000000086000000| Untracked 
|  67|0x0000000086100000, 0x0000000086100000, 0x0000000086200000|  0%| F|  |TAMS 0x0000000086100000, 0x0000000086100000| Untracked 
|  68|0x0000000086200000, 0x0000000086200000, 0x0000000086300000|  0%| F|  |TAMS 0x0000000086200000, 0x0000000086200000| Untracked 
|  69|0x0000000086300000, 0x0000000086300000, 0x0000000086400000|  0%| F|  |TAMS 0x0000000086300000, 0x0000000086300000| Untracked 
|  70|0x0000000086400000, 0x0000000086400000, 0x0000000086500000|  0%| F|  |TAMS 0x0000000086400000, 0x0000000086400000| Untracked 
|  71|0x0000000086500000, 0x0000000086500000, 0x0000000086600000|  0%| F|  |TAMS 0x0000000086500000, 0x0000000086500000| Untracked 
|  72|0x0000000086600000, 0x0000000086600000, 0x0000000086700000|  0%| F|  |TAMS 0x0000000086600000, 0x0000000086600000| Untracked 
|  73|0x0000000086700000, 0x0000000086700000, 0x0000000086800000|  0%| F|  |TAMS 0x0000000086700000, 0x0000000086700000| Untracked 
|  74|0x0000000086800000, 0x0000000086800000, 0x0000000086900000|  0%| F|  |TAMS 0x0000000086800000, 0x0000000086800000| Untracked 
|  75|0x0000000086900000, 0x0000000086900000, 0x0000000086a00000|  0%| F|  |TAMS 0x0000000086900000, 0x0000000086900000| Untracked 
|  76|0x0000000086a00000, 0x0000000086a00000, 0x0000000086b00000|  0%| F|  |TAMS 0x0000000086a00000, 0x0000000086a00000| Untracked 
|  77|0x0000000086b00000, 0x0000000086b00000, 0x0000000086c00000|  0%| F|  |TAMS 0x0000000086b00000, 0x0000000086b00000| Untracked 
|  78|0x0000000086c00000, 0x0000000086c00000, 0x0000000086d00000|  0%| F|  |TAMS 0x0000000086c00000, 0x0000000086c00000| Untracked 
|  79|0x0000000086d00000, 0x0000000086d00000, 0x0000000086e00000|  0%| F|  |TAMS 0x0000000086d00000, 0x0000000086d00000| Untracked 
|  80|0x0000000086e00000, 0x0000000086e00000, 0x0000000086f00000|  0%| F|  |TAMS 0x0000000086e00000, 0x0000000086e00000| Untracked 
|  81|0x0000000086f00000, 0x0000000086f00000, 0x0000000087000000|  0%| F|  |TAMS 0x0000000086f00000, 0x0000000086f00000| Untracked 
|  82|0x0000000087000000, 0x0000000087000000, 0x0000000087100000|  0%| F|  |TAMS 0x0000000087000000, 0x0000000087000000| Untracked 
|  83|0x0000000087100000, 0x0000000087100000, 0x0000000087200000|  0%| F|  |TAMS 0x0000000087100000, 0x0000000087100000| Untracked 
|  84|0x0000000087200000, 0x0000000087200000, 0x0000000087300000|  0%| F|  |TAMS 0x0000000087200000, 0x0000000087200000| Untracked 
|  85|0x0000000087300000, 0x0000000087300000, 0x0000000087400000|  0%| F|  |TAMS 0x0000000087300000, 0x0000000087300000| Untracked 
|  86|0x0000000087400000, 0x0000000087400000, 0x0000000087500000|  0%| F|  |TAMS 0x0000000087400000, 0x0000000087400000| Untracked 
|  87|0x0000000087500000, 0x0000000087500000, 0x0000000087600000|  0%| F|  |TAMS 0x0000000087500000, 0x0000000087500000| Untracked 
|  88|0x0000000087600000, 0x0000000087600000, 0x0000000087700000|  0%| F|  |TAMS 0x0000000087600000, 0x0000000087600000| Untracked 
|  89|0x0000000087700000, 0x0000000087700000, 0x0000000087800000|  0%| F|  |TAMS 0x0000000087700000, 0x0000000087700000| Untracked 
|  90|0x0000000087800000, 0x0000000087800000, 0x0000000087900000|  0%| F|  |TAMS 0x0000000087800000, 0x0000000087800000| Untracked 
|  91|0x0000000087900000, 0x0000000087900000, 0x0000000087a00000|  0%| F|  |TAMS 0x0000000087900000, 0x0000000087900000| Untracked 
|  92|0x0000000087a00000, 0x0000000087a00000, 0x0000000087b00000|  0%| F|  |TAMS 0x0000000087a00000, 0x0000000087a00000| Untracked 
|  93|0x0000000087b00000, 0x0000000087b00000, 0x0000000087c00000|  0%| F|  |TAMS 0x0000000087b00000, 0x0000000087b00000| Untracked 
|  94|0x0000000087c00000, 0x0000000087c00000, 0x0000000087d00000|  0%| F|  |TAMS 0x0000000087c00000, 0x0000000087c00000| Untracked 
|  95|0x0000000087d00000, 0x0000000087d00000, 0x0000000087e00000|  0%| F|  |TAMS 0x0000000087d00000, 0x0000000087d00000| Untracked 
|  96|0x0000000087e00000, 0x0000000087e00000, 0x0000000087f00000|  0%| F|  |TAMS 0x0000000087e00000, 0x0000000087e00000| Untracked 
|  97|0x0000000087f00000, 0x0000000087f00000, 0x0000000088000000|  0%| F|  |TAMS 0x0000000087f00000, 0x0000000087f00000| Untracked 
|  98|0x0000000088000000, 0x0000000088000000, 0x0000000088100000|  0%| F|  |TAMS 0x0000000088000000, 0x0000000088000000| Untracked 
|  99|0x0000000088100000, 0x0000000088100000, 0x0000000088200000|  0%| F|  |TAMS 0x0000000088100000, 0x0000000088100000| Untracked 
| 100|0x0000000088200000, 0x0000000088200000, 0x0000000088300000|  0%| F|  |TAMS 0x0000000088200000, 0x0000000088200000| Untracked 
| 101|0x0000000088300000, 0x0000000088300000, 0x0000000088400000|  0%| F|  |TAMS 0x0000000088300000, 0x0000000088300000| Untracked 
| 102|0x0000000088400000, 0x0000000088400000, 0x0000000088500000|  0%| F|  |TAMS 0x0000000088400000, 0x0000000088400000| Untracked 
| 103|0x0000000088500000, 0x0000000088500000, 0x0000000088600000|  0%| F|  |TAMS 0x0000000088500000, 0x0000000088500000| Untracked 
| 104|0x0000000088600000, 0x0000000088600000, 0x0000000088700000|  0%| F|  |TAMS 0x0000000088600000, 0x0000000088600000| Untracked 
| 105|0x0000000088700000, 0x0000000088700000, 0x0000000088800000|  0%| F|  |TAMS 0x0000000088700000, 0x0000000088700000| Untracked 
| 106|0x0000000088800000, 0x0000000088800000, 0x0000000088900000|  0%| F|  |TAMS 0x0000000088800000, 0x0000000088800000| Untracked 
| 107|0x0000000088900000, 0x0000000088985dd0, 0x0000000088a00000| 52%| E|  |TAMS 0x0000000088900000, 0x0000000088900000| Complete 
| 108|0x0000000088a00000, 0x0000000088b00000, 0x0000000088b00000|100%| E|CS|TAMS 0x0000000088a00000, 0x0000000088a00000| Complete 
| 109|0x0000000088b00000, 0x0000000088c00000, 0x0000000088c00000|100%| E|  |TAMS 0x0000000088b00000, 0x0000000088b00000| Complete 
| 110|0x0000000088c00000, 0x0000000088d00000, 0x0000000088d00000|100%| E|CS|TAMS 0x0000000088c00000, 0x0000000088c00000| Complete 
| 111|0x0000000088d00000, 0x0000000088e00000, 0x0000000088e00000|100%| E|CS|TAMS 0x0000000088d00000, 0x0000000088d00000| Complete 
| 112|0x0000000088e00000, 0x0000000088f00000, 0x0000000088f00000|100%| E|CS|TAMS 0x0000000088e00000, 0x0000000088e00000| Complete 
| 113|0x0000000088f00000, 0x0000000089000000, 0x0000000089000000|100%| E|CS|TAMS 0x0000000088f00000, 0x0000000088f00000| Complete 
| 114|0x0000000089000000, 0x0000000089100000, 0x0000000089100000|100%| E|CS|TAMS 0x0000000089000000, 0x0000000089000000| Complete 
| 115|0x0000000089100000, 0x0000000089200000, 0x0000000089200000|100%| E|CS|TAMS 0x0000000089100000, 0x0000000089100000| Complete 
| 116|0x0000000089200000, 0x0000000089300000, 0x0000000089300000|100%| E|CS|TAMS 0x0000000089200000, 0x0000000089200000| Complete 
| 117|0x0000000089300000, 0x0000000089400000, 0x0000000089400000|100%| E|CS|TAMS 0x0000000089300000, 0x0000000089300000| Complete 
| 118|0x0000000089400000, 0x0000000089500000, 0x0000000089500000|100%| E|CS|TAMS 0x0000000089400000, 0x0000000089400000| Complete 
| 119|0x0000000089500000, 0x0000000089600000, 0x0000000089600000|100%| E|CS|TAMS 0x0000000089500000, 0x0000000089500000| Complete 
| 120|0x0000000089600000, 0x0000000089700000, 0x0000000089700000|100%| E|CS|TAMS 0x0000000089600000, 0x0000000089600000| Complete 
| 121|0x0000000089700000, 0x0000000089800000, 0x0000000089800000|100%| E|CS|TAMS 0x0000000089700000, 0x0000000089700000| Complete 
| 122|0x0000000089800000, 0x0000000089900000, 0x0000000089900000|100%| E|CS|TAMS 0x0000000089800000, 0x0000000089800000| Complete 
| 123|0x0000000089900000, 0x0000000089a00000, 0x0000000089a00000|100%| E|CS|TAMS 0x0000000089900000, 0x0000000089900000| Complete 
| 124|0x0000000089a00000, 0x0000000089b00000, 0x0000000089b00000|100%| E|CS|TAMS 0x0000000089a00000, 0x0000000089a00000| Complete 
| 125|0x0000000089b00000, 0x0000000089c00000, 0x0000000089c00000|100%| E|CS|TAMS 0x0000000089b00000, 0x0000000089b00000| Complete 
| 126|0x0000000089c00000, 0x0000000089d00000, 0x0000000089d00000|100%| E|CS|TAMS 0x0000000089c00000, 0x0000000089c00000| Complete 
| 127|0x0000000089d00000, 0x0000000089e00000, 0x0000000089e00000|100%| E|CS|TAMS 0x0000000089d00000, 0x0000000089d00000| Complete 

Card table byte_map: [0x00000126ece40000,0x00000126ed240000] _byte_map_base: 0x00000126eca31000

Marking Bits (Prev, Next): (CMBitMap*) 0x00000126d52ca128, (CMBitMap*) 0x00000126d52ca160
 Prev Bits: [0x00000126ed640000, 0x00000126ef5c8000)
 Next Bits: [0x00000126ef5d0000, 0x00000126f1558000)

Polling page: 0x00000126d2fb0000

Metaspace:

Usage:
  Non-class:     15.12 MB capacity,    14.90 MB ( 99%) used,   178.61 KB (  1%) free+waste,    48.38 KB ( <1%) overhead. 
      Class:      1.96 MB capacity,     1.74 MB ( 89%) used,   200.73 KB ( 10%) free+waste,    25.63 KB (  1%) overhead. 
       Both:     17.08 MB capacity,    16.64 MB ( 97%) used,   379.34 KB (  2%) free+waste,    74.00 KB ( <1%) overhead. 

Virtual space:
  Non-class space:       16.00 MB reserved,      15.25 MB ( 95%) committed 
      Class space:        1.00 GB reserved,       2.00 MB ( <1%) committed 
             Both:        1.02 GB reserved,      17.25 MB (  2%) committed 

Chunk freelists:
   Non-Class:  1.00 KB
       Class:  1.00 KB
        Both:  2.00 KB

CodeHeap 'non-profiled nmethods': size=120000Kb used=626Kb max_used=626Kb free=119373Kb
 bounds [0x00000126e51e0000, 0x00000126e5450000, 0x00000126ec710000]
CodeHeap 'profiled nmethods': size=120000Kb used=3441Kb max_used=3441Kb free=116559Kb
 bounds [0x00000126ddcb0000, 0x00000126de010000, 0x00000126e51e0000]
CodeHeap 'non-nmethods': size=5760Kb used=1227Kb max_used=1276Kb free=4532Kb
 bounds [0x00000126dd710000, 0x00000126dd980000, 0x00000126ddcb0000]
 total_blobs=2367 nmethods=1765 adapters=513
 compilation: enabled
              stopped_count=0, restarted_count=0
 full_count=0

Compilation events (10 events):
Event: 23.846 Thread 0x00000126f3fbf800 1762   !   4       java.awt.GradientPaintContext::<init> (649 bytes)
Event: 23.847 Thread 0x00000126f3fc4000 nmethod 1761 0x00000126de008810 code [0x00000126de0089c0, 0x00000126de008b98]
Event: 23.847 Thread 0x00000126f3fc4000 1763       3       java.awt.image.SinglePixelPackedSampleModel::<init> (243 bytes)
Event: 23.848 Thread 0x00000126f3fc4000 nmethod 1763 0x00000126de008c90 code [0x00000126de008f40, 0x00000126de009de0]
Event: 23.848 Thread 0x00000126f3fc4000 1764       3       sun.java2d.SurfaceData::getTextPipe (120 bytes)
Event: 23.848 Thread 0x00000126f3fc4000 nmethod 1764 0x00000126de00a390 code [0x00000126de00a580, 0x00000126de00ab10]
Event: 23.848 Thread 0x00000126f3fc4000 1765       3       sun.swing.SwingUtilities2::getFontMetrics (10 bytes)
Event: 23.849 Thread 0x00000126f3fc4000 nmethod 1765 0x00000126de00ac90 code [0x00000126de00af20, 0x00000126de00bb90]
Event: 23.849 Thread 0x00000126f3fc4000 1766       3       sun.java2d.SunGraphics2D::getFont (19 bytes)
Event: 23.849 Thread 0x00000126f3fc4000 nmethod 1766 0x00000126de00bf90 code [0x00000126de00c140, 0x00000126de00c358]

GC Heap History (0 events):
No events

Deoptimization events (10 events):
Event: 2.238 Thread 0x00000126f4ab8800 Uncommon trap: reason=unstable_if action=reinterpret pc=0x00000126e52296cc method=sun.awt.image.ImageRepresentation.getOpaqueRGBImage()Ljava/awt/image/BufferedImage; @ 57 c2
Event: 5.323 Thread 0x00000126f4ab3000 Uncommon trap: reason=class_check action=maybe_recompile pc=0x00000126e51ec9e8 method=java.lang.String.equals(Ljava/lang/Object;)Z @ 8 c2
Event: 5.323 Thread 0x00000126f4ab3000 Uncommon trap: reason=class_check action=maybe_recompile pc=0x00000126e51ec9e8 method=java.lang.String.equals(Ljava/lang/Object;)Z @ 8 c2
Event: 5.635 Thread 0x00000126f4ab3000 Uncommon trap: reason=class_check action=maybe_recompile pc=0x00000126e5246de0 method=java.util.HashMap.getNode(ILjava/lang/Object;)Ljava/util/HashMap$Node; @ 126 c2
Event: 5.635 Thread 0x00000126f4ab3000 Uncommon trap: reason=class_check action=maybe_recompile pc=0x00000126e5246de0 method=java.util.HashMap.getNode(ILjava/lang/Object;)Ljava/util/HashMap$Node; @ 126 c2
Event: 5.636 Thread 0x00000126f4ab3000 Uncommon trap: reason=class_check action=maybe_recompile pc=0x00000126e51ec9e8 method=java.lang.String.equals(Ljava/lang/Object;)Z @ 8 c2
Event: 5.636 Thread 0x00000126f4ab3000 Uncommon trap: reason=class_check action=maybe_recompile pc=0x00000126e51ec9e8 method=java.lang.String.equals(Ljava/lang/Object;)Z @ 8 c2
Event: 5.780 Thread 0x00000126f4ab3000 Uncommon trap: reason=class_check action=maybe_recompile pc=0x00000126e5246de0 method=java.util.HashMap.getNode(ILjava/lang/Object;)Ljava/util/HashMap$Node; @ 126 c2
Event: 5.780 Thread 0x00000126f4ab3000 Uncommon trap: reason=class_check action=maybe_recompile pc=0x00000126e5246de0 method=java.util.HashMap.getNode(ILjava/lang/Object;)Ljava/util/HashMap$Node; @ 126 c2
Event: 5.781 Thread 0x00000126f4ab3000 Uncommon trap: reason=class_check action=maybe_recompile pc=0x00000126e522f16c method=java.util.HashMap.getNode(ILjava/lang/Object;)Ljava/util/HashMap$Node; @ 126 c2

Classes redefined (0 events):
No events

Internal exceptions (10 events):
Event: 0.280 Thread 0x00000126d528a800 Exception <a 'java/lang/ClassNotFoundException'{0x00000000897bcfe0}: com/sun/swing/internal/plaf/metal/resources/spi/metalProvider> (0x00000000897bcfe0) thrown at [./open/src/hotspot/share/classfile/systemDictionary.cpp, line 228]
Event: 0.280 Thread 0x00000126d528a800 Exception <a 'java/lang/ClassNotFoundException'{0x00000000897c1220}: com/sun/swing/internal/plaf/basic/resources/spi/basicProvider> (0x00000000897c1220) thrown at [./open/src/hotspot/share/classfile/systemDictionary.cpp, line 228]
Event: 0.408 Thread 0x00000126d528a800 Exception <a 'java/lang/NoSuchMethodError'{0x0000000089639d90}: java.lang.invoke.DirectMethodHandle$Holder.invokeStaticInit(Ljava/lang/Object;)V> (0x0000000089639d90) thrown at [./open/src/hotspot/share/interpreter/linkResolver.cpp, line 772]
Event: 0.457 Thread 0x00000126d528a800 Exception <a 'java/lang/NoSuchMethodError'{0x00000000892f8858}: java.lang.invoke.DirectMethodHandle$Holder.invokeStatic(Ljava/lang/Object;Ljava/lang/Object;Ljava/lang/Object;Ljava/lang/Object;Ljava/lang/Object;Ljava/lang/Object;Ljava/lang/Object;Ljava/lan
Event: 0.458 Thread 0x00000126d528a800 Exception <a 'java/lang/NoSuchMethodError'{0x0000000089116fd0}: java.lang.invoke.DirectMethodHandle$Holder.invokeStatic(Ljava/lang/Object;Ljava/lang/Object;Ljava/lang/Object;Ljava/lang/Object;Ljava/lang/Object;Ljava/lang/Object;Ljava/lang/Object;Ljava/lan
Event: 0.459 Thread 0x00000126d528a800 Exception <a 'java/lang/NoSuchMethodError'{0x0000000089135f60}: java.lang.invoke.DirectMethodHandle$Holder.invokeStatic(Ljava/lang/Object;Ljava/lang/Object;Ljava/lang/Object;Ljava/lang/Object;Ljava/lang/Object;Ljava/lang/Object;Ljava/lang/Object;Ljava/lan
Event: 0.460 Thread 0x00000126d528a800 Exception <a 'java/lang/NoSuchMethodError'{0x0000000089141f10}: java.lang.invoke.Invokers$Holder.linkToTargetMethod(Ljava/lang/Object;ILjava/lang/Object;)Ljava/lang/Object;> (0x0000000089141f10) thrown at [./open/src/hotspot/share/interpreter/linkResolver
Event: 0.503 Thread 0x00000126f4ab3000 Exception <a 'java/lang/NoSuchMethodError'{0x00000000893c6120}: java.lang.invoke.DirectMethodHandle$Holder.invokeStatic(Ljava/lang/Object;Ljava/lang/Object;Ljava/lang/Object;Ljava/lang/Object;Ljava/lang/Object;Ljava/lang/Object;Ljava/lang/Object;Ljava/lan
Event: 9.504 Thread 0x00000126f4ab3000 Exception <a 'java/lang/NoSuchMethodError'{0x0000000088ccb138}: java.lang.invoke.DirectMethodHandle$Holder.invokeStatic(Ljava/lang/Object;Ljava/lang/Object;Ljava/lang/Object;Ljava/lang/Object;Ljava/lang/Object;Ljava/lang/Object;Ljava/lang/Object;Ljava/lan
Event: 18.884 Thread 0x00000126f4ab3000 Exception <a 'java/lang/NoSuchMethodError'{0x0000000088a94f38}: java.lang.invoke.DirectMethodHandle$Holder.invokeVirtual(Ljava/lang/Object;Ljava/lang/Object;)V> (0x0000000088a94f38) thrown at [./open/src/hotspot/share/interpreter/linkResolver.cpp, line 77

Events (10 events):
Event: 18.883 loading class java/util/WeakHashMap$KeyIterator
Event: 18.883 loading class java/util/WeakHashMap$HashIterator
Event: 18.883 loading class java/util/WeakHashMap$HashIterator done
Event: 18.883 loading class java/util/WeakHashMap$KeyIterator done
Event: 18.885 Executing VM operation: RevokeBias
Event: 18.885 Executing VM operation: RevokeBias done
Event: 18.885 loading class javax/swing/RepaintManager$DisplayChangedRunnable
Event: 18.886 loading class javax/swing/RepaintManager$DisplayChangedRunnable done
Event: 23.846 Thread 0x00000126f4ab3000 DEOPT PACKING pc=0x00000126ddee027c sp=0x00000004c4af9850
Event: 23.846 Thread 0x00000126f4ab3000 DEOPT UNPACKING pc=0x00000126dd738d4e sp=0x00000004c4af8d48 mode 0


Dynamic libraries:
0x00007ff6fcee0000 - 0x00007ff6fceef000 	C:\Program Files\Java\jdk-11.0.9\bin\java.exe
0x00007ff95d050000 - 0x00007ff95d245000 	C:\WINDOWS\SYSTEM32\ntdll.dll
0x00007ff95cb30000 - 0x00007ff95cbee000 	C:\WINDOWS\System32\KERNEL32.dll
0x00007ff95a3e0000 - 0x00007ff95a507000 	C:\Windows\system32\hmpalert.dll
0x00007ff95ac30000 - 0x00007ff95aef8000 	C:\WINDOWS\System32\KERNELBASE.dll
0x00007ff95a770000 - 0x00007ff95a870000 	C:\WINDOWS\System32\ucrtbase.dll
0x00007ff94a5b0000 - 0x00007ff94a5c5000 	C:\Program Files\Java\jdk-11.0.9\bin\VCRUNTIME140.dll
0x00007ff9450d0000 - 0x00007ff9450e8000 	C:\Program Files\Java\jdk-11.0.9\bin\jli.dll
0x00007ff95b9a0000 - 0x00007ff95ba4c000 	C:\WINDOWS\System32\ADVAPI32.dll
0x00007ff95b0a0000 - 0x00007ff95b13e000 	C:\WINDOWS\System32\msvcrt.dll
0x00007ff95cec0000 - 0x00007ff95cf5b000 	C:\WINDOWS\System32\sechost.dll
0x00007ff95c180000 - 0x00007ff95c2aa000 	C:\WINDOWS\System32\RPCRT4.dll
0x00007ff95b510000 - 0x00007ff95b6b1000 	C:\WINDOWS\System32\USER32.dll
0x00007ff95b010000 - 0x00007ff95b032000 	C:\WINDOWS\System32\win32u.dll
0x00007ff95c150000 - 0x00007ff95c17b000 	C:\WINDOWS\System32\GDI32.dll
0x00007ff95ab20000 - 0x00007ff95ac2b000 	C:\WINDOWS\System32\gdi32full.dll
0x00007ff95a920000 - 0x00007ff95a9bd000 	C:\WINDOWS\System32\msvcp_win.dll
0x00007ff943e00000 - 0x00007ff94409a000 	C:\WINDOWS\WinSxS\amd64_microsoft.windows.common-controls_6595b64144ccf1df_6.0.19041.1110_none_60b5254171f9507e\COMCTL32.dll
0x00007ff951ad0000 - 0x00007ff951ada000 	C:\WINDOWS\SYSTEM32\VERSION.dll
0x00007ff95cd90000 - 0x00007ff95cdc0000 	C:\WINDOWS\System32\IMM32.DLL
0x00007ff917e90000 - 0x00007ff917f2b000 	C:\Program Files\Java\jdk-11.0.9\bin\msvcp140.dll
0x00007ff8fb1f0000 - 0x00007ff8fbce7000 	C:\Program Files\Java\jdk-11.0.9\bin\server\jvm.dll
0x00007ff95c2b0000 - 0x00007ff95c2b8000 	C:\WINDOWS\System32\PSAPI.DLL
0x00007ff938510000 - 0x00007ff938519000 	C:\WINDOWS\SYSTEM32\WSOCK32.dll
0x00007ff934030000 - 0x00007ff934057000 	C:\WINDOWS\SYSTEM32\WINMM.dll
0x00007ff95cc50000 - 0x00007ff95ccbb000 	C:\WINDOWS\System32\WS2_32.dll
0x00007ff958f10000 - 0x00007ff958f22000 	C:\WINDOWS\SYSTEM32\kernel.appcore.dll
0x00007ff954a10000 - 0x00007ff954a20000 	C:\Program Files\Java\jdk-11.0.9\bin\verify.dll
0x00007ff9553f0000 - 0x00007ff9555d4000 	C:\WINDOWS\SYSTEM32\DBGHELP.DLL
0x00007ff93e290000 - 0x00007ff93e2bc000 	C:\WINDOWS\SYSTEM32\dbgcore.DLL
0x00007ff95af30000 - 0x00007ff95afb3000 	C:\WINDOWS\System32\bcryptPrimitives.dll
0x00007ff92a2d0000 - 0x00007ff92a2f8000 	C:\Program Files\Java\jdk-11.0.9\bin\java.dll
0x00007ff953f50000 - 0x00007ff953f5a000 	C:\Program Files\Java\jdk-11.0.9\bin\jimage.dll
0x00007ff94a390000 - 0x00007ff94a3a6000 	C:\Program Files\Java\jdk-11.0.9\bin\zip.dll
0x00007ff95c3f0000 - 0x00007ff95cb2f000 	C:\WINDOWS\System32\SHELL32.dll
0x00007ff9555e0000 - 0x00007ff955d70000 	C:\WINDOWS\SYSTEM32\windows.storage.dll
0x00007ff95b1b0000 - 0x00007ff95b505000 	C:\WINDOWS\System32\combase.dll
0x00007ff95a090000 - 0x00007ff95a0be000 	C:\WINDOWS\SYSTEM32\Wldp.dll
0x00007ff95bf60000 - 0x00007ff95c00d000 	C:\WINDOWS\System32\SHCORE.dll
0x00007ff95c0f0000 - 0x00007ff95c145000 	C:\WINDOWS\System32\shlwapi.dll
0x00007ff95a6b0000 - 0x00007ff95a6cf000 	C:\WINDOWS\SYSTEM32\profapi.dll
0x00007ff945090000 - 0x00007ff9450a9000 	C:\Program Files\Java\jdk-11.0.9\bin\net.dll
0x00007ff94dfc0000 - 0x00007ff94e0cc000 	C:\WINDOWS\SYSTEM32\WINHTTP.dll
0x00007ff959df0000 - 0x00007ff959e5a000 	C:\WINDOWS\system32\mswsock.dll
0x00007ff940f10000 - 0x00007ff940f22000 	C:\Program Files\Java\jdk-11.0.9\bin\nio.dll
0x00007ff917f30000 - 0x00007ff9180ca000 	C:\Program Files\Java\jdk-11.0.9\bin\awt.dll
0x00007ff95ccc0000 - 0x00007ff95cd8d000 	C:\WINDOWS\System32\OLEAUT32.dll
0x00007ff954940000 - 0x00007ff9549d0000 	C:\WINDOWS\SYSTEM32\apphelp.dll
0x00007ff954e60000 - 0x00007ff954e8f000 	C:\WINDOWS\system32\DWMAPI.DLL
0x00007ff954bf0000 - 0x00007ff954c8e000 	C:\WINDOWS\system32\uxtheme.dll
0x00007ff92ca20000 - 0x00007ff92cb45000 	C:\WINDOWS\system32\opengl32.dll
0x00007ff94a080000 - 0x00007ff94a0ac000 	C:\WINDOWS\SYSTEM32\GLU32.dll
0x00007ff95c2c0000 - 0x00007ff95c3d5000 	C:\WINDOWS\System32\MSCTF.dll
0x00007ff95b6c0000 - 0x00007ff95b7ea000 	C:\WINDOWS\System32\ole32.dll
0x00007ff915230000 - 0x00007ff9152b2000 	C:\Program Files\Java\jdk-11.0.9\bin\freetype.dll
0x00007ff9141b0000 - 0x00007ff914256000 	C:\Program Files\Java\jdk-11.0.9\bin\fontmanager.dll
0x00007ff94b500000 - 0x00007ff94b5f9000 	C:\WINDOWS\SYSTEM32\textinputframework.dll
0x00007ff954700000 - 0x00007ff9547f2000 	C:\WINDOWS\System32\CoreMessaging.dll
0x00007ff9543a0000 - 0x00007ff9546fe000 	C:\WINDOWS\System32\CoreUIComponents.dll
0x00007ff953600000 - 0x00007ff953754000 	C:\WINDOWS\SYSTEM32\wintypes.dll
0x00007ff959260000 - 0x00007ff959293000 	C:\WINDOWS\SYSTEM32\ntmarta.dll
0x00007ff95cf60000 - 0x00007ff95d009000 	C:\WINDOWS\System32\clbcatq.dll
0x00007ff94d450000 - 0x00007ff94d604000 	C:\WINDOWS\SYSTEM32\WindowsCodecs.dll
0x00007ff95af00000 - 0x00007ff95af27000 	C:\WINDOWS\System32\bcrypt.dll
0x00007ff953f60000 - 0x00007ff953f9e000 	C:\WINDOWS\system32\dataexchange.dll
0x00007ff952c20000 - 0x00007ff952e84000 	C:\WINDOWS\system32\d3d11.dll
0x00007ff953810000 - 0x00007ff9539f5000 	C:\WINDOWS\system32\dcomp.dll
0x00007ff958f60000 - 0x00007ff959054000 	C:\WINDOWS\system32\dxgi.dll
0x00007ff94ee10000 - 0x00007ff94f011000 	C:\WINDOWS\system32\twinapi.appcore.dll

dbghelp: loaded successfully - version: 4.0.5 - missing functions: none
symbol engine: initialized successfully - sym options: 0x614 - pdb path: .;C:\Program Files\Java\jdk-11.0.9\bin;C:\WINDOWS\SYSTEM32;C:\WINDOWS\WinSxS\amd64_microsoft.windows.common-controls_6595b64144ccf1df_6.0.19041.1110_none_60b5254171f9507e;C:\Program Files\Java\jdk-11.0.9\bin\server

VM Arguments:
jvm_args: -Dfile.encoding=UTF-8 --module-path=F:\Poject\WS_Netbens\Mapa_PSII_AlexandreOliveira\build\classes 
java_command: mapa_psii_alexandreoliveira.Mapa_PSII_AlexandreOliveira
java_class_path (initial): F:\Poject\WS_Netbens\Mapa_PSII_AlexandreOliveira\build\classes
Launcher Type: SUN_STANDARD

[Global flags]
     intx CICompilerCount                          = 4                                         {product} {ergonomic}
     uint ConcGCThreads                            = 2                                         {product} {ergonomic}
     uint G1ConcRefinementThreads                  = 8                                         {product} {ergonomic}
   size_t G1HeapRegionSize                         = 1048576                                   {product} {ergonomic}
    uintx GCDrainStackTargetSize                   = 64                                        {product} {ergonomic}
   size_t InitialHeapSize                          = 134217728                                 {product} {ergonomic}
   size_t MarkStackSize                            = 4194304                                   {product} {ergonomic}
   size_t MaxHeapSize                              = 2116026368                                {product} {ergonomic}
   size_t MaxNewSize                               = 1268776960                                {product} {ergonomic}
   size_t MinHeapDeltaBytes                        = 1048576                                   {product} {ergonomic}
    uintx NonNMethodCodeHeapSize                   = 5836300                                {pd product} {ergonomic}
    uintx NonProfiledCodeHeapSize                  = 122910970                              {pd product} {ergonomic}
    uintx ProfiledCodeHeapSize                     = 122910970                              {pd product} {ergonomic}
    uintx ReservedCodeCacheSize                    = 251658240                              {pd product} {ergonomic}
     bool SegmentedCodeCache                       = true                                      {product} {ergonomic}
     bool UseCompressedClassPointers               = true                                 {lp64_product} {ergonomic}
     bool UseCompressedOops                        = true                                 {lp64_product} {ergonomic}
     bool UseG1GC                                  = true                                      {product} {ergonomic}
     bool UseLargePagesIndividualAllocation        = false                                  {pd product} {ergonomic}

Logging:
Log output configuration:
 #0: stdout all=warning uptime,level,tags
 #1: stderr all=off uptime,level,tags

Environment Variables:
PATH=C:\Python39\Scripts\;C:\Python39\;C:\Python27\;C:\Python27\Scripts;C:\Program Files\Common Files\Oracle\Java\javapath;C:\Program Files (x86)\Common Files\Oracle\Java\javapath;C:\WINDOWS\system32;C:\WINDOWS;C:\WINDOWS\System32\Wbem;C:\WINDOWS\System32\WindowsPowerShell\v1.0\;C:\WINDOWS\System32\OpenSSH\;C:\Program Files (x86)\Intel\Intel(R) Management Engine Components\DAL;C:\Program Files\Intel\Intel(R) Management Engine Components\DAL;C:\Program Files\dotnet\;C:\Program Files\Microsoft SQL Server\130\Tools\Binn\;C:\Program Files\Microsoft SQL Server\Client SDK\ODBC\170\Tools\Binn\;C:\MinGW\bin;C:\Users\alexandre.oliveira\Desktop\jdk-11.0.9+11-jre\bin;C:\Program Files (x86)\Mercurial;C:\Program Files\Git\cmd;C:\Program Files\nodejs\;C:\ProgramData\chocolatey\bin;C:\Program Files (x86)\GNU Tools ARM Embedded\6 2017-q2-update\bin;C:\Users\alexandre.oliveira\Desktop\jdk-11.0.9+11-jre\bin;C:\Users\alexandre.oliveira\.dotnet\tools;C:\Users\alexandre.oliveira\AppData\Local\Programs\Microsoft VS Code\bin;C:\Users\alexandre.oliveira\AppData\Local\Microsoft\WindowsApps;C:\Users\alexandre.oliveira\AppData\Local\GitHubDesktop\bin;C:\Users\alexandre.oliveira\AppData\Roaming\npm;C:\Program Files\JetBrains\IntelliJ IDEA 2021.2.3\bin;
USERNAME=alexandre.oliveira
OS=Windows_NT
PROCESSOR_IDENTIFIER=Intel64 Family 6 Model 142 Stepping 12, GenuineIntel



---------------  S Y S T E M  ---------------

OS: Windows 10 , 64 bit Build 19041 (10.0.19041.1348)

CPU:total 8 (initial active 8) (4 cores per cpu, 2 threads per core) family 6 model 142 stepping 12, cmov, cx8, fxsr, mmx, sse, sse2, sse3, ssse3, sse4.1, sse4.2, popcnt, avx, avx2, aes, clmul, erms, 3dnowpref, lzcnt, ht, tsc, tscinvbit, bmi1, bmi2, adx, fma

Memory: 4k page, system-wide physical 8068M (467M free)
TotalPageFile size 19015M (AvailPageFile size 2M)
current process WorkingSet (physical memory assigned to process): 105M, peak: 107M
current process commit charge ("private bytes"): 240M, peak: 252M

vm_info: Java HotSpot(TM) 64-Bit Server VM (11.0.9+7-LTS) for windows-amd64 JRE (11.0.9+7-LTS), built on Sep 15 2020 16:47:03 by "mach5one" with MS VC++ 15.9 (VS2017)

END.
